Arguments: 
  /usr/local/bin/node /usr/local/Cellar/yarn/1.22.4/libexec/bin/yarn.js

PATH: 
  /usr/local/bin:/usr/bin:/bin:/usr/sbin:/sbin:/Library/Apple/usr/bin

Yarn version: 
  1.22.4

Node version: 
  10.22.0

Platform: 
  darwin x64

Trace: 
  SyntaxError: /Users/huangyl/Desktop/my-project/merge-image/package.json: Unexpected token } in JSON at position 612
      at JSON.parse (<anonymous>)
      at /usr/local/Cellar/yarn/1.22.4/libexec/lib/cli.js:1625:59
      at Generator.next (<anonymous>)
      at step (/usr/local/Cellar/yarn/1.22.4/libexec/lib/cli.js:310:30)
      at /usr/local/Cellar/yarn/1.22.4/libexec/lib/cli.js:321:13

npm manifest: 
  {
    "name": "merge-image",
    "version": "0.0.0",
    "scripts": {
      "dev": "vite",
      "build": "vite build"
    },
    "dependencies": {
      "vue": "^3.0.4"
    },
    "devDependencies": {
      "vite": "^1.0.0-rc.13",
      "@vue/compiler-sfc": "^3.0.4",
      "eslint": "^7.14.0",
      "eslint-config-airbnb-typescript": "^12.0.0",
      "eslint-config-prettier": "^6.15.0",
      "eslint-plugin-import": "^2.22.0",
      "eslint-plugin-jsx-a11y": "^6.3.1",
      "eslint-plugin-prettier": "^3.2.0",
      "eslint-plugin-vue": "^7.2.0",
      "@types/jest": "^26.0.0",
      "@types/lodash": "^4.14.165",
      "@types/node": "^14.10.1",
    }
  }

yarn manifest: 
  No manifest

Lockfile: 
  No lockfile
